TN:
SF:src/components/PasswordResetPage.vue
FN:39,handleSsoLogin
FN:88,(anonymous_1)
FN:93,(anonymous_2)
FN:96,(anonymous_3)
FNF:4
FNH:4
FNDA:6,handleSsoLogin
FNDA:36,(anonymous_1)
FNDA:6,(anonymous_2)
FNDA:36,(anonymous_3)
DA:9,6
DA:10,6
DA:12,6
DA:13,6
DA:21,6
DA:40,6
DA:41,6
DA:43,6
DA:44,6
DA:45,4
DA:46,4
DA:48,2
DA:49,2
DA:51,6
DA:57,12
DA:58,1
DA:87,36
DA:93,6
DA:99,36
LF:19
LH:19
BRDA:115,0,0,12
BRDA:115,0,1,6
BRDA:76,1,0,1
BRDA:76,1,1,11
BRDA:104,2,0,12
BRDA:104,2,1,6
BRF:6
BRH:6
end_of_record
TN:
SF:src/components/ResetPasswordPage.vue
FN:19,(anonymous_0)
FN:20,(anonymous_1)
FN:26,(anonymous_2)
FN:42,handleSubmit
FN:50,(anonymous_4)
FN:56,(anonymous_5)
FN:69,handleBack
FN:114,(anonymous_7)
FN:126,(anonymous_8)
FN:146,(anonymous_9)
FN:159,(anonymous_10)
FNF:11
FNH:9
FNDA:6,(anonymous_0)
FNDA:33,(anonymous_1)
FNDA:10,(anonymous_2)
FNDA:3,handleSubmit
FNDA:2,(anonymous_4)
FNDA:0,(anonymous_5)
FNDA:1,handleBack
FNDA:10,(anonymous_7)
FNDA:2,(anonymous_8)
FNDA:6,(anonymous_9)
FNDA:0,(anonymous_10)
DA:8,15
DA:9,15
DA:11,15
DA:12,15
DA:13,15
DA:14,15
DA:15,15
DA:16,15
DA:17,15
DA:19,15
DA:20,15
DA:21,33
DA:26,15
DA:27,10
DA:28,10
DA:30,9
DA:31,9
DA:32,9
DA:33,9
DA:34,9
DA:36,9
DA:37,8
DA:38,8
DA:39,7
DA:43,3
DA:45,2
DA:46,2
DA:48,2
DA:50,2
DA:52,2
DA:53,2
DA:54,2
DA:56,2
DA:58,0
DA:59,0
DA:62,0
DA:63,0
DA:65,2
DA:70,1
DA:71,1
DA:76,37
DA:77,1
DA:78,1
DA:87,1
DA:110,1
DA:112,1
DA:115,10
DA:126,2
DA:138,1
DA:142,1
DA:144,1
DA:147,6
DA:159,0
LF:53
LH:48
BRDA:21,0,0,33
BRDA:21,0,1,15
BRDA:21,0,2,6
BRDA:28,1,0,1
BRDA:28,1,1,9
BRDA:31,2,0,9
BRDA:31,2,1,0
BRDA:32,3,0,8
BRDA:32,3,1,1
BRDA:33,4,0,8
BRDA:33,4,1,1
BRDA:34,5,0,7
BRDA:34,5,1,2
BRDA:36,6,0,1
BRDA:36,6,1,8
BRDA:37,7,0,0
BRDA:37,7,1,8
BRDA:38,8,0,1
BRDA:38,8,1,7
BRDA:43,9,0,1
BRDA:43,9,1,2
BRDA:90,10,0,37
BRDA:90,10,1,15
BRDA:86,11,0,37
BRDA:86,11,1,15
BRDA:89,12,0,37
BRDA:89,12,1,15
BRDA:94,13,0,2
BRDA:94,13,1,35
BRDA:102,14,0,0
BRDA:102,14,1,37
BRDA:109,15,0,37
BRDA:109,15,1,35
BRDA:140,16,0,37
BRDA:140,16,1,15
BRDA:114,17,0,37
BRDA:114,17,1,15
BRDA:116,18,0,1
BRDA:116,18,1,36
BRDA:119,19,0,1
BRDA:119,19,1,36
BRDA:126,20,0,37
BRDA:126,20,1,15
BRDA:127,21,0,1
BRDA:127,21,1,36
BRDA:129,22,0,1
BRDA:129,22,1,36
BRDA:133,23,0,18
BRDA:133,23,1,19
BRDA:169,24,0,37
BRDA:169,24,1,15
BRDA:146,25,0,37
BRDA:146,25,1,15
BRDA:148,26,0,0
BRDA:148,26,1,37
BRDA:150,27,0,37
BRDA:150,27,1,8
BRDA:152,28,0,0
BRDA:152,28,1,37
BRDA:159,29,0,37
BRDA:159,29,1,15
BRDA:160,30,0,0
BRDA:160,30,1,37
BRDA:162,31,0,0
BRDA:162,31,1,37
BRDA:166,32,0,2
BRDA:166,32,1,35
BRDA:166,33,0,37
BRDA:166,33,1,8
BRDA:172,34,0,2
BRDA:172,34,1,35
BRDA:174,35,0,37
BRDA:174,35,1,6
BRF:73
BRH:66
end_of_record
TN:
SF:src/components/ui/AppButton.vue
FN:20,(anonymous_0)
FNF:1
FNH:1
FNDA:1,(anonymous_0)
DA:16,12
DA:20,1
DA:23,3
LF:3
LH:3
BRDA:18,0,0,12
BRDA:18,0,1,5
BRDA:20,1,0,12
BRDA:20,1,1,12
BRF:4
BRH:4
end_of_record
TN:
SF:src/router/index.ts
FN:25,(anonymous_0)
FNF:1
FNH:1
FNDA:4,(anonymous_0)
DA:7,3
DA:25,3
DA:26,4
DA:28,4
DA:29,1
DA:31,3
LF:6
LH:6
BRDA:28,0,0,1
BRDA:28,0,1,3
BRDA:28,1,0,4
BRDA:28,1,1,2
BRF:4
BRH:4
end_of_record
TN:
SF:src/services/authService.ts
FN:20,signInWithSso
FN:61,signOut
FNF:2
FNH:2
FNDA:7,signInWithSso
FNDA:2,signOut
DA:10,1
DA:11,1
DA:12,1
DA:14,1
DA:15,1
DA:17,1
DA:18,1
DA:22,7
DA:23,3
DA:24,3
DA:31,4
DA:34,4
DA:36,2
DA:37,2
DA:39,1
DA:40,1
DA:42,1
DA:43,1
DA:45,0
DA:48,4
DA:50,4
DA:51,1
DA:54,3
DA:62,2
DA:63,1
DA:64,1
LF:26
LH:25
BRDA:22,0,0,3
BRDA:22,0,1,4
BRDA:34,1,0,4
BRDA:34,1,1,1
BRDA:34,1,2,1
BRDA:34,1,3,0
BRDA:50,2,0,1
BRDA:50,2,1,3
BRDA:62,3,0,1
BRDA:62,3,1,1
BRF:10
BRH:9
end_of_record
TN:
SF:src/services/firebase.ts
FN:16,getFirebaseAuth
FN:27,isFirebaseConfigured
FNF:2
FNH:2
FNDA:2,getFirebaseAuth
FNDA:2,isFirebaseConfigured
DA:4,5
DA:13,5
DA:14,5
DA:17,2
DA:18,1
DA:21,1
DA:22,1
DA:24,1
DA:28,2
LF:9
LH:9
BRDA:17,0,0,1
BRDA:17,0,1,1
BRF:2
BRH:2
end_of_record
TN:
SF:src/stores/auth.ts
FN:5,(anonymous_0)
FN:7,(anonymous_1)
FN:8,(anonymous_2)
FN:10,setUser
FN:14,clearUser
FNF:5
FNH:5
FNDA:27,(anonymous_0)
FNDA:6,(anonymous_1)
FNDA:18,(anonymous_2)
FNDA:3,setUser
FNDA:1,clearUser
DA:5,7
DA:6,27
DA:7,27
DA:8,27
DA:11,3
DA:15,1
DA:18,27
LF:7
LH:7
BRDA:8,0,0,18
BRDA:8,0,1,2
BRF:2
BRH:2
end_of_record
TN:
SF:src/types/auth.ts
FN:1,(anonymous_0)
FN:7,(anonymous_1)
FNF:2
FNH:2
FNDA:8,(anonymous_0)
FNDA:8,(anonymous_1)
DA:1,8
DA:2,8
DA:3,8
DA:4,8
DA:7,8
DA:8,8
DA:9,8
LF:7
LH:7
BRDA:1,0,0,8
BRDA:1,0,1,8
BRDA:7,1,0,8
BRDA:7,1,1,8
BRF:4
BRH:4
end_of_record
